C51 COMPILER V9.54   LED                                                                   11/22/2018 19:56:23 PAGE 1   


C51 COMPILER V9.54, COMPILATION OF MODULE LED
OBJECT MODULE PLACED IN .\Objects\led.obj
COMPILER INVOKED BY: D:\keil\C51\BIN\C51.EXE led.c OPTIMIZE(8,SPEED) BROWSE DEBUG OBJECTEXTEND PRINT(.\Listings\led.lst)
                    - TABS(2) OBJECT(.\Objects\led.obj)

line level    source

   1          /*************************************************************************
   2          *名称：频率计
   3          *说明：实现0~5000hz频率计的统计
   4          *作者：季浩原
   5          *时间：11-8
   6          *学号：1712220203
   7          数码管
   8          *************************************************************************/
   9          #define LED_GLOBAL 1
  10          #include "led.h"
  11          /*******************************************************************************************
  12          delay_us(uint us)
  13          *******************************************************************************************/
  14          void delay_us(uint us)
  15          {
  16   1        uint i;
  17   1        while(us--)
  18   1        {
  19   2          for(i=0;i<100;i++);
  20   2        }
  21   1      }
  22          /*******************************************************************************************
  23          led_init(void)
  24          *******************************************************************************************/
  25          void init_led(void)
  26          {
  27   1         LED=segLedCode[0];
  28   1         LED_CS1=1;
  29   1         LED_CS2=1;
  30   1         LED_CS3=1;
  31   1         LED_CS4=1;
  32   1      }
  33          /*******************************************************************************************
  34          ledWrite(uchar c,uchar n,uchar mod)
  35          当mod==DIGITAL时,c为数字0~9的ANCII码形式，此时在n位数码管上显示想用数字
  36          当mod==CHARACTER,直接将c输出数据口
  37          *******************************************************************************************/
  38          void ledWrite(uchar c,uchar n,uchar mod)
  39          {
  40   1         if(CHARACTER==mod)
  41   1         {
  42   2          LED=c;  
  43   2         }
  44   1         else if(DIGITAL==mod)
  45   1           {
  46   2              if((c-'0')<0x0a)
  47   2            {
  48   3              LED=segLedCode[c-'0'];
  49   3            } 
  50   2            else
  51   2            {  
  52   3            LED=segLedCode[0];
  53   3            }
  54   2           }
C51 COMPILER V9.54   LED                                                                   11/22/2018 19:56:23 PAGE 2   

  55   1         switch(n)
  56   1         {
  57   2          case 0x01:
  58   2          {
  59   3            LED_CS1=0;
  60   3            delay_us(4);
  61   3            LED_CS1=1;
  62   3            break;
  63   3          }
  64   2          case 0x02:
  65   2          {
  66   3            LED_CS2=0;
  67   3            delay_us(4);
  68   3            LED_CS2=1;
  69   3            break;
  70   3          }
  71   2          case 0x03:
  72   2          {
  73   3            LED_CS3=0;
  74   3            delay_us(4);
  75   3            LED_CS3=1;
  76   3            break;
  77   3          }
  78   2            case 0x04:
  79   2          {
  80   3            LED_CS4=0;
  81   3            delay_us(4);
  82   3            LED_CS4=1; 
  83   3            break;
  84   3          }
  85   2          default:
  86   2            break;
  87   2      
  88   2         }
  89   1      
  90   1      }
  91          /*******************************************************************************************
  92          ledSweepDisplay(uchar *segCode,uchar segCodeMod,uchar segNumber)
  93          *******************************************************************************************/        
  94          void ledSweepDisplay(uchar *segCode,uchar segCodeMod,uchar segNumber)
  95          {
  96   1          uchar segCount;
  97   1        for(segCount=0;segCount<segNumber;segCount++)
  98   1        {
  99   2           if(segCodeMod&0x01)     /*1代表此处显示任意字符 */
 100   2           {
 101   3             ledWrite(segCode[segCount],segCount+1,CHARACTER); 
 102   3           }
 103   2           else
 104   2           {
 105   3             ledWrite(segCode[segCount],segCount+1,DIGITAL);
 106   3           }
 107   2           segCodeMod=segCodeMod>>1;
 108   2        }
 109   1      }
 110          


MODULE INFORMATION:   STATIC OVERLAYABLE
   CODE SIZE        =    200    ----
   CONSTANT SIZE    =   ----    ----
   XDATA SIZE       =   ----    ----
C51 COMPILER V9.54   LED                                                                   11/22/2018 19:56:23 PAGE 3   

   PDATA SIZE       =   ----    ----
   DATA SIZE        =     10       6
   IDATA SIZE       =   ----    ----
   BIT SIZE         =   ----    ----
END OF MODULE INFORMATION.


C51 COMPILATION COMPLETE.  0 WARNING(S),  0 ERROR(S)
