C51 COMPILER V9.54   TARGET                                                                11/22/2018 19:56:23 PAGE 1   


C51 COMPILER V9.54, COMPILATION OF MODULE TARGET
OBJECT MODULE PLACED IN .\Objects\target.obj
COMPILER INVOKED BY: D:\keil\C51\BIN\C51.EXE target.c OPTIMIZE(8,SPEED) BROWSE DEBUG OBJECTEXTEND PRINT(.\Listings\targe
                    -t.lst) TABS(2) OBJECT(.\Objects\target.obj)

line level    source

   1          /*************************************************************************
   2          *名称：频率计
   3          *说明：实现0~5000hz频率计的统计
   4          *作者：季浩原
   5          *时间：11-8
   6          *学号：1712220203
   7          *计算文件
   8          *************************************************************************/
   9          #define TARGET_GLOBAL 1
  10          #include "target.h"
  11          uint  timer0Count;       //timer0溢出计数
  12          uint  pulseCount;        //脉冲计数
  13          uint  pulseCountTemp;    //脉冲计数寄存 
  14          /*************************************************
  15          *timer0_init(void)
  16          *************************************************/
  17          void timer0_init(void)
  18          {
  19   1        TMOD|=0x01;   //timer0工作在MODEL1,timer
  20   1        TH0=0xFC;
  21   1        TL0=0x18;
  22   1        ET0=1;        //timer0中断使能
  23   1        IP=0x02;      //timer0优先级最高
  24   1        TR0=1;    //timer0启动
  25   1      }
  26          /*************************************************
  27          *int0_init(void)
  28          *************************************************/
  29          void int0_init(void) 
  30          {
  31   1          EX0 = 1;   //外部中断0使能
  32   1          IT0 = 1;   //init0跳变中断
  33   1      }
  34          void target_init(void)
  35          {
  36   1        timer0_init();
  37   1        int0_init();
  38   1        timer0Count=0;
  39   1        pulseCount=0;
  40   1        pulseCountTemp=0;
  41   1      }
  42          void T0_overflow(void) interrupt 1  //timer0溢出中断,定时1ms
  43          {
  44   1        TH0=0xFC;
  45   1        TL0=0x18;
  46   1        cli();
  47   1        //IE0=0;
  48   1        if(timer0Count<1000)
  49   1          timer0Count++;
  50   1        else
  51   1        {
  52   2          
  53   2          pulseCountTemp=pulseCount-pulseCount/(uint)36;  //频率计数校准
  54   2        pulseCount=0;
C51 COMPILER V9.54   TARGET                                                                11/22/2018 19:56:23 PAGE 2   

  55   2          timer0Count=0;
  56   2        } 
  57   1        sei();
  58   1      }
  59          void int0(void) interrupt 0 //int0中断入口函数,实时计数检测频率
  60          {
  61   1        pulseCount++;
  62   1      }
  63          /*********************************************
  64          *uint get_fre_number(void)
  65          *********************************************/
  66          uint get_fre_number(void)
  67          {
  68   1        return pulseCountTemp;
  69   1      }


MODULE INFORMATION:   STATIC OVERLAYABLE
   CODE SIZE        =    161    ----
   CONSTANT SIZE    =   ----    ----
   XDATA SIZE       =   ----    ----
   PDATA SIZE       =   ----    ----
   DATA SIZE        =      6    ----
   IDATA SIZE       =   ----    ----
   BIT SIZE         =   ----    ----
END OF MODULE INFORMATION.


C51 COMPILATION COMPLETE.  0 WARNING(S),  0 ERROR(S)
